Started GET "/" for ::1 at 2021-11-11 16:45:51 +0300
  
ActiveRecord::PendingMigrationError (

Migrations are pending. To resolve this issue, run:

        bin/rails db:migrate RAILS_ENV=development

):
  
activerecord (5.2.3) lib/active_record/migration.rb:579:in `check_pending!'
activerecord (5.2.3) lib/active_record/migration.rb:556:in `call'
actionpack (5.2.3) lib/action_dispatch/middleware/callbacks.rb:28:in `block in call'
activesupport (5.2.3) lib/active_support/callbacks.rb:98:in `run_callbacks'
actionpack (5.2.3) lib/action_dispatch/middleware/callbacks.rb:26:in `call'
actionpack (5.2.3) lib/action_dispatch/middleware/executor.rb:14:in `call'
actionpack (5.2.3) lib/action_dispatch/middleware/debug_exceptions.rb:61:in `call'
/usr/lib/ruby/vendor_ruby/web_console/middleware.rb:135:in `call_app'
/usr/lib/ruby/vendor_ruby/web_console/middleware.rb:30:in `block in call'
/usr/lib/ruby/vendor_ruby/web_console/middleware.rb:20:in `catch'
/usr/lib/ruby/vendor_ruby/web_console/middleware.rb:20:in `call'
actionpack (5.2.3) lib/action_dispatch/middleware/show_exceptions.rb:33:in `call'
railties (5.2.3) lib/rails/rack/logger.rb:38:in `call_app'
railties (5.2.3) lib/rails/rack/logger.rb:26:in `block in call'
activesupport (5.2.3) lib/active_support/tagged_logging.rb:71:in `block in tagged'
activesupport (5.2.3) lib/active_support/tagged_logging.rb:28:in `tagged'
activesupport (5.2.3) lib/active_support/tagged_logging.rb:71:in `tagged'
railties (5.2.3) lib/rails/rack/logger.rb:26:in `call'
/usr/lib/ruby/vendor_ruby/sprockets/rails/quiet_assets.rb:13:in `call'
actionpack (5.2.3) lib/action_dispatch/middleware/remote_ip.rb:81:in `call'
actionpack (5.2.3) lib/action_dispatch/middleware/request_id.rb:27:in `call'
/usr/lib/ruby/vendor_ruby/rack/method_override.rb:22:in `call'
/usr/lib/ruby/vendor_ruby/rack/runtime.rb:22:in `call'
activesupport (5.2.3) lib/active_support/cache/strategy/local_cache_middleware.rb:29:in `call'
actionpack (5.2.3) lib/action_dispatch/middleware/executor.rb:14:in `call'
actionpack (5.2.3) lib/action_dispatch/middleware/static.rb:127:in `call'
/usr/lib/ruby/vendor_ruby/rack/sendfile.rb:111:in `call'
railties (5.2.3) lib/rails/engine.rb:524:in `call'
/usr/lib/ruby/vendor_ruby/puma/configuration.rb:227:in `call'
/usr/lib/ruby/vendor_ruby/puma/server.rb:675:in `handle_request'
/usr/lib/ruby/vendor_ruby/puma/server.rb:476:in `process_client'
/usr/lib/ruby/vendor_ruby/puma/server.rb:334:in `block in run'
/usr/lib/ruby/vendor_ruby/puma/thread_pool.rb:135:in `block in spawn_thread'
Started GET "/articles" for ::1 at 2021-11-11 16:45:54 +0300
  
ActiveRecord::PendingMigrationError (

Migrations are pending. To resolve this issue, run:

        bin/rails db:migrate RAILS_ENV=development

):
  
activerecord (5.2.3) lib/active_record/migration.rb:579:in `check_pending!'
activerecord (5.2.3) lib/active_record/migration.rb:556:in `call'
actionpack (5.2.3) lib/action_dispatch/middleware/callbacks.rb:28:in `block in call'
activesupport (5.2.3) lib/active_support/callbacks.rb:98:in `run_callbacks'
actionpack (5.2.3) lib/action_dispatch/middleware/callbacks.rb:26:in `call'
actionpack (5.2.3) lib/action_dispatch/middleware/executor.rb:14:in `call'
actionpack (5.2.3) lib/action_dispatch/middleware/debug_exceptions.rb:61:in `call'
/usr/lib/ruby/vendor_ruby/web_console/middleware.rb:135:in `call_app'
/usr/lib/ruby/vendor_ruby/web_console/middleware.rb:30:in `block in call'
/usr/lib/ruby/vendor_ruby/web_console/middleware.rb:20:in `catch'
/usr/lib/ruby/vendor_ruby/web_console/middleware.rb:20:in `call'
actionpack (5.2.3) lib/action_dispatch/middleware/show_exceptions.rb:33:in `call'
railties (5.2.3) lib/rails/rack/logger.rb:38:in `call_app'
railties (5.2.3) lib/rails/rack/logger.rb:26:in `block in call'
activesupport (5.2.3) lib/active_support/tagged_logging.rb:71:in `block in tagged'
activesupport (5.2.3) lib/active_support/tagged_logging.rb:28:in `tagged'
activesupport (5.2.3) lib/active_support/tagged_logging.rb:71:in `tagged'
railties (5.2.3) lib/rails/rack/logger.rb:26:in `call'
/usr/lib/ruby/vendor_ruby/sprockets/rails/quiet_assets.rb:13:in `call'
actionpack (5.2.3) lib/action_dispatch/middleware/remote_ip.rb:81:in `call'
actionpack (5.2.3) lib/action_dispatch/middleware/request_id.rb:27:in `call'
/usr/lib/ruby/vendor_ruby/rack/method_override.rb:22:in `call'
/usr/lib/ruby/vendor_ruby/rack/runtime.rb:22:in `call'
activesupport (5.2.3) lib/active_support/cache/strategy/local_cache_middleware.rb:29:in `call'
actionpack (5.2.3) lib/action_dispatch/middleware/executor.rb:14:in `call'
actionpack (5.2.3) lib/action_dispatch/middleware/static.rb:127:in `call'
/usr/lib/ruby/vendor_ruby/rack/sendfile.rb:111:in `call'
railties (5.2.3) lib/rails/engine.rb:524:in `call'
/usr/lib/ruby/vendor_ruby/puma/configuration.rb:227:in `call'
/usr/lib/ruby/vendor_ruby/puma/server.rb:675:in `handle_request'
/usr/lib/ruby/vendor_ruby/puma/server.rb:476:in `process_client'
/usr/lib/ruby/vendor_ruby/puma/server.rb:334:in `block in run'
/usr/lib/ruby/vendor_ruby/puma/thread_pool.rb:135:in `block in spawn_thread'
Started GET "/articles/1" for ::1 at 2021-11-11 16:47:07 +0300
  
ActiveRecord::PendingMigrationError (

Migrations are pending. To resolve this issue, run:

        bin/rails db:migrate RAILS_ENV=development

):
  
activerecord (5.2.3) lib/active_record/migration.rb:579:in `check_pending!'
activerecord (5.2.3) lib/active_record/migration.rb:556:in `call'
actionpack (5.2.3) lib/action_dispatch/middleware/callbacks.rb:28:in `block in call'
activesupport (5.2.3) lib/active_support/callbacks.rb:98:in `run_callbacks'
actionpack (5.2.3) lib/action_dispatch/middleware/callbacks.rb:26:in `call'
actionpack (5.2.3) lib/action_dispatch/middleware/executor.rb:14:in `call'
actionpack (5.2.3) lib/action_dispatch/middleware/debug_exceptions.rb:61:in `call'
/usr/lib/ruby/vendor_ruby/web_console/middleware.rb:135:in `call_app'
/usr/lib/ruby/vendor_ruby/web_console/middleware.rb:30:in `block in call'
/usr/lib/ruby/vendor_ruby/web_console/middleware.rb:20:in `catch'
/usr/lib/ruby/vendor_ruby/web_console/middleware.rb:20:in `call'
actionpack (5.2.3) lib/action_dispatch/middleware/show_exceptions.rb:33:in `call'
railties (5.2.3) lib/rails/rack/logger.rb:38:in `call_app'
railties (5.2.3) lib/rails/rack/logger.rb:26:in `block in call'
activesupport (5.2.3) lib/active_support/tagged_logging.rb:71:in `block in tagged'
activesupport (5.2.3) lib/active_support/tagged_logging.rb:28:in `tagged'
activesupport (5.2.3) lib/active_support/tagged_logging.rb:71:in `tagged'
railties (5.2.3) lib/rails/rack/logger.rb:26:in `call'
/usr/lib/ruby/vendor_ruby/sprockets/rails/quiet_assets.rb:13:in `call'
actionpack (5.2.3) lib/action_dispatch/middleware/remote_ip.rb:81:in `call'
actionpack (5.2.3) lib/action_dispatch/middleware/request_id.rb:27:in `call'
/usr/lib/ruby/vendor_ruby/rack/method_override.rb:22:in `call'
/usr/lib/ruby/vendor_ruby/rack/runtime.rb:22:in `call'
activesupport (5.2.3) lib/active_support/cache/strategy/local_cache_middleware.rb:29:in `call'
actionpack (5.2.3) lib/action_dispatch/middleware/executor.rb:14:in `call'
actionpack (5.2.3) lib/action_dispatch/middleware/static.rb:127:in `call'
/usr/lib/ruby/vendor_ruby/rack/sendfile.rb:111:in `call'
railties (5.2.3) lib/rails/engine.rb:524:in `call'
/usr/lib/ruby/vendor_ruby/puma/configuration.rb:227:in `call'
/usr/lib/ruby/vendor_ruby/puma/server.rb:675:in `handle_request'
/usr/lib/ruby/vendor_ruby/puma/server.rb:476:in `process_client'
/usr/lib/ruby/vendor_ruby/puma/server.rb:334:in `block in run'
/usr/lib/ruby/vendor_ruby/puma/thread_pool.rb:135:in `block in spawn_thread'
Started GET "/articles/new" for ::1 at 2021-11-11 16:47:10 +0300
  
ActiveRecord::PendingMigrationError (

Migrations are pending. To resolve this issue, run:

        bin/rails db:migrate RAILS_ENV=development

):
  
activerecord (5.2.3) lib/active_record/migration.rb:579:in `check_pending!'
activerecord (5.2.3) lib/active_record/migration.rb:556:in `call'
actionpack (5.2.3) lib/action_dispatch/middleware/callbacks.rb:28:in `block in call'
activesupport (5.2.3) lib/active_support/callbacks.rb:98:in `run_callbacks'
actionpack (5.2.3) lib/action_dispatch/middleware/callbacks.rb:26:in `call'
actionpack (5.2.3) lib/action_dispatch/middleware/executor.rb:14:in `call'
actionpack (5.2.3) lib/action_dispatch/middleware/debug_exceptions.rb:61:in `call'
/usr/lib/ruby/vendor_ruby/web_console/middleware.rb:135:in `call_app'
/usr/lib/ruby/vendor_ruby/web_console/middleware.rb:30:in `block in call'
/usr/lib/ruby/vendor_ruby/web_console/middleware.rb:20:in `catch'
/usr/lib/ruby/vendor_ruby/web_console/middleware.rb:20:in `call'
actionpack (5.2.3) lib/action_dispatch/middleware/show_exceptions.rb:33:in `call'
railties (5.2.3) lib/rails/rack/logger.rb:38:in `call_app'
railties (5.2.3) lib/rails/rack/logger.rb:26:in `block in call'
activesupport (5.2.3) lib/active_support/tagged_logging.rb:71:in `block in tagged'
activesupport (5.2.3) lib/active_support/tagged_logging.rb:28:in `tagged'
activesupport (5.2.3) lib/active_support/tagged_logging.rb:71:in `tagged'
railties (5.2.3) lib/rails/rack/logger.rb:26:in `call'
/usr/lib/ruby/vendor_ruby/sprockets/rails/quiet_assets.rb:13:in `call'
actionpack (5.2.3) lib/action_dispatch/middleware/remote_ip.rb:81:in `call'
actionpack (5.2.3) lib/action_dispatch/middleware/request_id.rb:27:in `call'
/usr/lib/ruby/vendor_ruby/rack/method_override.rb:22:in `call'
/usr/lib/ruby/vendor_ruby/rack/runtime.rb:22:in `call'
activesupport (5.2.3) lib/active_support/cache/strategy/local_cache_middleware.rb:29:in `call'
actionpack (5.2.3) lib/action_dispatch/middleware/executor.rb:14:in `call'
actionpack (5.2.3) lib/action_dispatch/middleware/static.rb:127:in `call'
/usr/lib/ruby/vendor_ruby/rack/sendfile.rb:111:in `call'
railties (5.2.3) lib/rails/engine.rb:524:in `call'
/usr/lib/ruby/vendor_ruby/puma/configuration.rb:227:in `call'
/usr/lib/ruby/vendor_ruby/puma/server.rb:675:in `handle_request'
/usr/lib/ruby/vendor_ruby/puma/server.rb:476:in `process_client'
/usr/lib/ruby/vendor_ruby/puma/server.rb:334:in `block in run'
/usr/lib/ruby/vendor_ruby/puma/thread_pool.rb:135:in `block in spawn_thread'
  [1m[35m (0.1ms)[0m  [1m[34mSELECT sqlite_version(*)[0m
  ↳ /usr/lib/ruby/vendor_ruby/bootsnap/load_path_cache/core_ext/kernel_require.rb:23
  [1m[35m (116.5ms)[0m  [1m[35mCREATE TABLE "schema_migrations" ("version" varchar NOT NULL PRIMARY KEY)[0m
  ↳ /usr/lib/ruby/vendor_ruby/bootsnap/load_path_cache/core_ext/kernel_require.rb:23
  [1m[35m (124.6ms)[0m  [1m[35mCREATE TABLE "ar_internal_metadata" ("key" varchar NOT NULL PRIMARY KEY, "value" varchar, "created_at" datetime NOT NULL, "updated_at" datetime NOT NULL)[0m
  ↳ /usr/lib/ruby/vendor_ruby/bootsnap/load_path_cache/core_ext/kernel_require.rb:23
  [1m[35m (0.1ms)[0m  [1m[34mSELECT "schema_migrations"."version" FROM "schema_migrations" ORDER BY "schema_migrations"."version" ASC[0m
  ↳ /usr/lib/ruby/vendor_ruby/bootsnap/load_path_cache/core_ext/kernel_require.rb:23
Migrating to CreateArticles (20211031154410)
  [1m[35m (0.0ms)[0m  [1m[36mbegin transaction[0m
  ↳ /usr/lib/ruby/vendor_ruby/bootsnap/load_path_cache/core_ext/kernel_require.rb:23
  [1m[35m (0.2ms)[0m  [1m[35mCREATE TABLE "articles" ("id" integer PRIMARY KEY AUTOINCREMENT NOT NULL, "title" varchar, "description" text)[0m
  ↳ db/migrate/20211031154410_create_articles.rb:3
  [1m[36mActiveRecord::SchemaMigration Create (0.1ms)[0m  [1m[32mINSERT INTO "schema_migrations" ("version") VALUES (?)[0m  [["version", "20211031154410"]]
  ↳ /usr/lib/ruby/vendor_ruby/bootsnap/load_path_cache/core_ext/kernel_require.rb:23
  [1m[35m (111.3ms)[0m  [1m[36mcommit transaction[0m
  ↳ /usr/lib/ruby/vendor_ruby/bootsnap/load_path_cache/core_ext/kernel_require.rb:23
Migrating to AddTimestamposToArticle (20211101120509)
  [1m[35m (0.1ms)[0m  [1m[36mbegin transaction[0m
  ↳ /usr/lib/ruby/vendor_ruby/bootsnap/load_path_cache/core_ext/kernel_require.rb:23
  [1m[35m (0.5ms)[0m  [1m[35mALTER TABLE "articles" ADD "created_at" datetime[0m
  ↳ db/migrate/20211101120509_add_timestampos_to_article.rb:3
  [1m[35m (0.3ms)[0m  [1m[35mALTER TABLE "articles" ADD "updated_at" datetime[0m
  ↳ db/migrate/20211101120509_add_timestampos_to_article.rb:4
  [1m[36mActiveRecord::SchemaMigration Create (0.2ms)[0m  [1m[32mINSERT INTO "schema_migrations" ("version") VALUES (?)[0m  [["version", "20211101120509"]]
  ↳ /usr/lib/ruby/vendor_ruby/bootsnap/load_path_cache/core_ext/kernel_require.rb:23
  [1m[35m (73.7ms)[0m  [1m[36mcommit transaction[0m
  ↳ /usr/lib/ruby/vendor_ruby/bootsnap/load_path_cache/core_ext/kernel_require.rb:23
  [1m[36mActiveRecord::InternalMetadata Load (0.1ms)[0m  [1m[34mSELECT  "ar_internal_metadata".* FROM "ar_internal_metadata" WHERE "ar_internal_metadata"."key" = ? LIMIT ?[0m  [["key", "environment"], ["LIMIT", 1]]
  ↳ /usr/lib/ruby/vendor_ruby/bootsnap/load_path_cache/core_ext/kernel_require.rb:23
  [1m[35m (0.0ms)[0m  [1m[36mbegin transaction[0m
  ↳ /usr/lib/ruby/vendor_ruby/bootsnap/load_path_cache/core_ext/kernel_require.rb:23
  [1m[36mActiveRecord::InternalMetadata Create (0.2ms)[0m  [1m[32mINSERT INTO "ar_internal_metadata" ("key", "value", "created_at", "updated_at") VALUES (?, ?, ?, ?)[0m  [["key", "environment"], ["value", "development"], ["created_at", "2021-11-11 13:49:27.952916"], ["updated_at", "2021-11-11 13:49:27.952916"]]
  ↳ /usr/lib/ruby/vendor_ruby/bootsnap/load_path_cache/core_ext/kernel_require.rb:23
  [1m[35m (81.9ms)[0m  [1m[36mcommit transaction[0m
  ↳ /usr/lib/ruby/vendor_ruby/bootsnap/load_path_cache/core_ext/kernel_require.rb:23
  [1m[35m (0.2ms)[0m  [1m[34mSELECT "schema_migrations"."version" FROM "schema_migrations" ORDER BY "schema_migrations"."version" ASC[0m
  ↳ /usr/lib/ruby/vendor_ruby/bootsnap/load_path_cache/core_ext/kernel_require.rb:23
Started GET "/articles/new" for ::1 at 2021-11-11 16:49:34 +0300
  [1m[35m (0.1ms)[0m  [1m[34mSELECT "schema_migrations"."version" FROM "schema_migrations" ORDER BY "schema_migrations"."version" ASC[0m
  ↳ /usr/lib/ruby/vendor_ruby/web_console/middleware.rb:135
Processing by ArticlesController#new as HTML
  Rendering articles/new.html.erb within layouts/application
  Rendered articles/new.html.erb within layouts/application (64.3ms)
Completed 500 Internal Server Error in 274ms (ActiveRecord: 0.9ms)


  
ActionView::Template::Error (File to import not found or unreadable: bootstrap.
Load paths:
  /home/mikhail/ROR/alpha_blog/app/assets/config
  /home/mikhail/ROR/alpha_blog/app/assets/images
  /home/mikhail/ROR/alpha_blog/app/assets/javascripts
  /home/mikhail/ROR/alpha_blog/app/assets/stylesheets
  /usr/share/ruby-coffee-rails/lib/assets/javascripts
  /usr/share/rubygems-integration/all/gems/actioncable-5.2.3/lib/assets/compiled
  /usr/share/rubygems-integration/all/gems/activestorage-5.2.3/app/assets/javascripts
  /usr/share/rubygems-integration/all/gems/actionview-5.2.3/lib/assets/compiled
  /usr/share/rubygems-integration/all/gems/turbolinks-source-5.1.0/lib/assets/javascripts
  /home/mikhail/ROR/alpha_blog/node_modules):
     5:     <%= csrf_meta_tags %>
     6:     <%= csp_meta_tag %>
     7: 
     8:     <%= stylesheet_link_tag    'application', media: 'all', 'data-turbolinks-track': 'reload' %>
     9:     <%= javascript_include_tag 'application', 'data-turbolinks-track': 'reload' %>
    10:   </head>
    11: 
  
app/assets/stylesheets/application.scss:1
app/views/layouts/application.html.erb:8:in `_app_views_layouts_application_html_erb___1704129453731532559_16100'
Started GET "/articles/new" for ::1 at 2021-11-11 16:49:51 +0300
Processing by ArticlesController#new as HTML
  Rendering articles/new.html.erb within layouts/application
  Rendered articles/new.html.erb within layouts/application (4.1ms)
Completed 200 OK in 881ms (Views: 878.0ms | ActiveRecord: 0.0ms)


Started GET "/articles" for ::1 at 2021-11-11 16:50:00 +0300
Processing by ArticlesController#index as HTML
  Rendering articles/index.html.erb within layouts/application
  [1m[36mArticle Load (0.2ms)[0m  [1m[34mSELECT "articles".* FROM "articles"[0m
  ↳ app/views/articles/index.html.erb:13
  Rendered articles/index.html.erb within layouts/application (1.6ms)
Completed 200 OK in 27ms (Views: 12.4ms | ActiveRecord: 0.2ms)


